Build started 8/05/2013 12:30:24 PM.
     1>Project "F:\TemporalMist\Proper\TemporalMist\TemporalMist\TemporalMist.vcxproj" on node 2 (Build target(s)).
     1>ClCompile:
         C:\Program Files (x86)\Microsoft Visual Studio 11.0\VC\bin\CL.exe /c /ZI /nologo /W3 /WX- /Od /Oy- /D _MBCS /Gm /EHsc /RTC1 /MDd /GS /fp:precise /Zc:wchar_t /Zc:forScope /Fo"Debug\\" /Fd"Debug\vc110.pdb" /Gd /TP /analyze- /errorReport:prompt ..\src\Game.cpp ..\src\GameplayState.cpp ..\src\main.cpp ..\src\Map.cpp ..\src\Pathfinder.cpp ..\src\StateManager.cpp
         StateManager.cpp
         Pathfinder.cpp
         Map.cpp
         main.cpp
         GameplayState.cpp
     1>f:\temporalmist\proper\temporalmist\src\gameplaystate.cpp(21): warning C4244: 'argument' : conversion from 'const unsigned int' to 'float', possible loss of data
         Game.cpp
         Generating Code...
       Link:
         C:\Program Files (x86)\Microsoft Visual Studio 11.0\VC\bin\link.exe /ERRORREPORT:PROMPT /OUT:"F:\TemporalMist\Proper\TemporalMist\Debug\TemporalMist.exe" /INCREMENTAL /NOLOGO "sfml-main-d.lib" "sfml-system-d.lib" "sfml-window-d.lib" "sfml-graphics-d.lib" kernel32.lib user32.lib gdi32.lib winspool.lib comdlg32.lib advapi32.lib shell32.lib ole32.lib oleaut32.lib uuid.lib odbc32.lib odbccp32.lib OPENGL32.lib GLU32.lib /MANIFEST /MANIFESTUAC:"level='asInvoker' uiAccess='false'" /manifest:embed /DEBUG /PDB:"F:\TemporalMist\Proper\TemporalMist\Debug\TemporalMist.pdb" /TLBID:1 /DYNAMICBASE /NXCOMPAT /IMPLIB:"F:\TemporalMist\Proper\TemporalMist\Debug\TemporalMist.lib" /MACHINE:X86 Debug\Game.obj
         Debug\GameplayState.obj
         Debug\main.obj
         Debug\Map.obj
         Debug\Pathfinder.obj
         Debug\StateManager.obj
         TemporalMist.vcxproj -> F:\TemporalMist\Proper\TemporalMist\Debug\TemporalMist.exe
     1>Done Building Project "F:\TemporalMist\Proper\TemporalMist\TemporalMist\TemporalMist.vcxproj" (Build target(s)).

Build succeeded.

Time Elapsed 00:00:38.74
