G:\TEMPORALMIST\PROPER\TEMPORALMIST\TEMPORALMIST\DEBUG\BASE64.OBJ
G:\TEMPORALMIST\PROPER\TEMPORALMIST\TEMPORALMIST\DEBUG\GAME.OBJ
G:\TEMPORALMIST\PROPER\TEMPORALMIST\TEMPORALMIST\DEBUG\GAMEPLAYSTATE.OBJ
G:\TEMPORALMIST\PROPER\TEMPORALMIST\TEMPORALMIST\DEBUG\INDEXBUFFEROBJECT.OBJ
G:\TEMPORALMIST\PROPER\TEMPORALMIST\TEMPORALMIST\DEBUG\LAYER.OBJ
G:\TEMPORALMIST\PROPER\TEMPORALMIST\TEMPORALMIST\DEBUG\MAIN.OBJ
G:\TEMPORALMIST\PROPER\TEMPORALMIST\TEMPORALMIST\DEBUG\MAP.OBJ
G:\TEMPORALMIST\PROPER\TEMPORALMIST\TEMPORALMIST\DEBUG\PATHFINDER.OBJ
G:\TEMPORALMIST\PROPER\TEMPORALMIST\TEMPORALMIST\DEBUG\SHADER.OBJ
G:\TEMPORALMIST\PROPER\TEMPORALMIST\TEMPORALMIST\DEBUG\STATEMANAGER.OBJ
G:\TEMPORALMIST\PROPER\TEMPORALMIST\TEMPORALMIST\DEBUG\VERTEXBUFFEROBJECT.OBJ
G:\TEMPORALMIST\PROPER\TEMPORALMIST\TEMPORALMIST\DEBUG\VC110.PDB
G:\TEMPORALMIST\PROPER\TEMPORALMIST\DEBUG\TEMPORALMIST.ILK
G:\TEMPORALMIST\PROPER\TEMPORALMIST\DEBUG\TEMPORALMIST.EXE
G:\TEMPORALMIST\PROPER\TEMPORALMIST\DEBUG\TEMPORALMIST.PDB
G:\TemporalMist\Proper\temporalmist\TemporalMist\Debug\base64.obj
G:\TemporalMist\Proper\temporalmist\TemporalMist\Debug\Game.obj
G:\TemporalMist\Proper\temporalmist\TemporalMist\Debug\GameplayState.obj
G:\TemporalMist\Proper\temporalmist\TemporalMist\Debug\IndexBufferObject.obj
G:\TemporalMist\Proper\temporalmist\TemporalMist\Debug\Layer.obj
G:\TemporalMist\Proper\temporalmist\TemporalMist\Debug\main.obj
G:\TemporalMist\Proper\temporalmist\TemporalMist\Debug\Map.obj
G:\TemporalMist\Proper\temporalmist\TemporalMist\Debug\Pathfinder.obj
G:\TemporalMist\Proper\temporalmist\TemporalMist\Debug\Shader.obj
G:\TemporalMist\Proper\temporalmist\TemporalMist\Debug\StateManager.obj
G:\TemporalMist\Proper\temporalmist\TemporalMist\Debug\VertexBufferObject.obj
G:\TemporalMist\Proper\temporalmist\TemporalMist\Debug\link.768-rc.read.1.tlog
G:\TemporalMist\Proper\temporalmist\TemporalMist\Debug\link.768-rc.write.1.tlog
G:\TemporalMist\Proper\temporalmist\TemporalMist\Debug\link.768-cvtres.read.1.tlog
G:\TemporalMist\Proper\temporalmist\TemporalMist\Debug\link.768-cvtres.write.1.tlog
G:\TemporalMist\Proper\temporalmist\TemporalMist\Debug\link.768.read.1.tlog
G:\TemporalMist\Proper\temporalmist\TemporalMist\Debug\link.768.write.1.tlog
G:\TemporalMist\Proper\temporalmist\TemporalMist\Debug\link.9012-rc.read.1.tlog
G:\TemporalMist\Proper\temporalmist\TemporalMist\Debug\link.9012-rc.write.1.tlog
G:\TemporalMist\Proper\temporalmist\TemporalMist\Debug\link.9012-cvtres.read.1.tlog
G:\TemporalMist\Proper\temporalmist\TemporalMist\Debug\link.9012-cvtres.write.1.tlog
G:\TemporalMist\Proper\temporalmist\TemporalMist\Debug\link.9012.read.1.tlog
G:\TemporalMist\Proper\temporalmist\TemporalMist\Debug\link.9012.write.1.tlog
G:\TemporalMist\Proper\temporalmist\TemporalMist\Debug\link.6236-rc.read.1.tlog
G:\TemporalMist\Proper\temporalmist\TemporalMist\Debug\link.6236-rc.write.1.tlog
G:\TemporalMist\Proper\temporalmist\TemporalMist\Debug\link.6236-cvtres.read.1.tlog
G:\TemporalMist\Proper\temporalmist\TemporalMist\Debug\link.6236-cvtres.write.1.tlog
G:\TemporalMist\Proper\temporalmist\TemporalMist\Debug\link.6236.read.1.tlog
G:\TemporalMist\Proper\temporalmist\TemporalMist\Debug\link.6236.write.1.tlog
G:\TemporalMist\Proper\temporalmist\TemporalMist\Debug\link.6496-rc.read.1.tlog
G:\TemporalMist\Proper\temporalmist\TemporalMist\Debug\link.6496-rc.write.1.tlog
G:\TemporalMist\Proper\temporalmist\TemporalMist\Debug\link.6496-cvtres.read.1.tlog
G:\TemporalMist\Proper\temporalmist\TemporalMist\Debug\link.6496-cvtres.write.1.tlog
G:\TemporalMist\Proper\temporalmist\TemporalMist\Debug\link.6496.read.1.tlog
G:\TemporalMist\Proper\temporalmist\TemporalMist\Debug\link.6496.write.1.tlog
G:\TemporalMist\Proper\temporalmist\TemporalMist\Debug\link.7604-rc.read.1.tlog
G:\TemporalMist\Proper\temporalmist\TemporalMist\Debug\link.7604-rc.write.1.tlog
G:\TemporalMist\Proper\temporalmist\TemporalMist\Debug\link.7604-cvtres.read.1.tlog
G:\TemporalMist\Proper\temporalmist\TemporalMist\Debug\link.7604-cvtres.write.1.tlog
G:\TemporalMist\Proper\temporalmist\TemporalMist\Debug\link.7604.read.1.tlog
G:\TemporalMist\Proper\temporalmist\TemporalMist\Debug\link.7604.write.1.tlog
G:\TemporalMist\Proper\temporalmist\TemporalMist\Debug\CL.read.1.tlog
G:\TemporalMist\Proper\temporalmist\TemporalMist\Debug\link.read.1.tlog
G:\TemporalMist\Proper\temporalmist\TemporalMist\Debug\CL.write.1.tlog
G:\TemporalMist\Proper\temporalmist\TemporalMist\Debug\link.write.1.tlog
G:\TemporalMist\Proper\temporalmist\TemporalMist\Debug\link.4756-rc.read.1.tlog
G:\TemporalMist\Proper\temporalmist\TemporalMist\Debug\link.4756-rc.write.1.tlog
G:\TemporalMist\Proper\temporalmist\TemporalMist\Debug\link.4756-cvtres.read.1.tlog
G:\TemporalMist\Proper\temporalmist\TemporalMist\Debug\link.4756-cvtres.write.1.tlog
G:\TemporalMist\Proper\temporalmist\TemporalMist\Debug\link.4756.read.1.tlog
G:\TemporalMist\Proper\temporalmist\TemporalMist\Debug\link.4756.write.1.tlog
G:\TemporalMist\Proper\temporalmist\TemporalMist\Debug\link.5972-rc.read.1.tlog
G:\TemporalMist\Proper\temporalmist\TemporalMist\Debug\link.5972-rc.write.1.tlog
G:\TemporalMist\Proper\temporalmist\TemporalMist\Debug\link.5972-cvtres.read.1.tlog
G:\TemporalMist\Proper\temporalmist\TemporalMist\Debug\link.5972-cvtres.write.1.tlog
G:\TemporalMist\Proper\temporalmist\TemporalMist\Debug\link.5972.read.1.tlog
G:\TemporalMist\Proper\temporalmist\TemporalMist\Debug\link.5972.write.1.tlog
G:\TemporalMist\Proper\temporalmist\TemporalMist\Debug\link.6604-rc.read.1.tlog
G:\TemporalMist\Proper\temporalmist\TemporalMist\Debug\link.6604-rc.write.1.tlog
G:\TemporalMist\Proper\temporalmist\TemporalMist\Debug\link.6604-cvtres.read.1.tlog
G:\TemporalMist\Proper\temporalmist\TemporalMist\Debug\link.6604-cvtres.write.1.tlog
G:\TemporalMist\Proper\temporalmist\TemporalMist\Debug\link.6604.read.1.tlog
G:\TemporalMist\Proper\temporalmist\TemporalMist\Debug\link.6604.write.1.tlog
G:\TemporalMist\Proper\temporalmist\TemporalMist\Debug\link.5452-rc.read.1.tlog
G:\TemporalMist\Proper\temporalmist\TemporalMist\Debug\link.5452-rc.write.1.tlog
G:\TemporalMist\Proper\temporalmist\TemporalMist\Debug\link.5452-cvtres.read.1.tlog
G:\TemporalMist\Proper\temporalmist\TemporalMist\Debug\link.5452-cvtres.write.1.tlog
G:\TemporalMist\Proper\temporalmist\TemporalMist\Debug\link.5452.read.1.tlog
G:\TemporalMist\Proper\temporalmist\TemporalMist\Debug\link.5452.write.1.tlog
G:\TemporalMist\Proper\temporalmist\TemporalMist\Debug\link.4248-rc.read.1.tlog
G:\TemporalMist\Proper\temporalmist\TemporalMist\Debug\link.4248-rc.write.1.tlog
G:\TemporalMist\Proper\temporalmist\TemporalMist\Debug\link.4248-cvtres.read.1.tlog
G:\TemporalMist\Proper\temporalmist\TemporalMist\Debug\link.4248-cvtres.write.1.tlog
G:\TemporalMist\Proper\temporalmist\TemporalMist\Debug\link.4248.read.1.tlog
G:\TemporalMist\Proper\temporalmist\TemporalMist\Debug\link.4248.write.1.tlog
G:\TemporalMist\Proper\temporalmist\TemporalMist\Debug\cl.command.1.tlog
G:\TemporalMist\Proper\temporalmist\TemporalMist\Debug\link-rc.read.1.tlog
G:\TemporalMist\Proper\temporalmist\TemporalMist\Debug\link-rc.write.1.tlog
G:\TemporalMist\Proper\temporalmist\TemporalMist\Debug\link-cvtres.read.1.tlog
G:\TemporalMist\Proper\temporalmist\TemporalMist\Debug\link-cvtres.write.1.tlog
G:\TemporalMist\Proper\temporalmist\TemporalMist\Debug\link.command.1.tlog
G:\TemporalMist\Proper\temporalmist\TemporalMist\Debug\vc110.idb
G:\TemporalMist\Proper\temporalmist\TemporalMist\Debug\vc110.pdb
G:\TemporalMist\Proper\temporalmist\Debug\TemporalMist.pdb
G:\TemporalMist\Proper\temporalmist\Debug\TemporalMist.exe
G:\TemporalMist\Proper\temporalmist\Debug\TemporalMist.ilk
