Build started 29/05/2013 12:43:47 PM.
     1>Project "F:\TemporalMist\temporalmist\tools\MapConverter\MapConverter.vcxproj" on node 2 (Build target(s)).
     1>ClCompile:
         C:\Program Files (x86)\Microsoft Visual Studio 11.0\VC\bin\CL.exe /c /ZI /nologo /W3 /WX- /Od /Oy- /D _MBCS /Gm /EHsc /RTC1 /MDd /GS /fp:precise /Zc:wchar_t /Zc:forScope /Fo"Debug\\" /Fd"Debug\vc110.pdb" /Gd /TP /analyze- /errorReport:prompt main.cpp
         main.cpp
     1>f:\temporalmist\temporalmist\tools\mapconverter\main.cpp(129): warning C4018: '<' : signed/unsigned mismatch
     1>f:\temporalmist\temporalmist\tools\mapconverter\main.cpp(133): warning C4018: '>=' : signed/unsigned mismatch
     1>f:\temporalmist\temporalmist\tools\mapconverter\main.cpp(133): warning C4018: '<=' : signed/unsigned mismatch
     1>f:\temporalmist\temporalmist\tools\mapconverter\main.cpp(143): warning C4996: 'sprintf': This function or variable may be unsafe. Consider using sprintf_s instead. To disable deprecation, use _CRT_SECURE_NO_WARNINGS. See online help for details.
                 c:\program files (x86)\microsoft visual studio 11.0\vc\include\stdio.h(357) : see declaration of 'sprintf'
     1>f:\temporalmist\temporalmist\tools\mapconverter\main.cpp(160): warning C4018: '<' : signed/unsigned mismatch
     1>f:\temporalmist\temporalmist\tools\mapconverter\main.cpp(214): warning C4018: '<' : signed/unsigned mismatch
     1>f:\temporalmist\temporalmist\tools\mapconverter\main.cpp(350): warning C4018: '<' : signed/unsigned mismatch
     1>f:\temporalmist\temporalmist\tools\mapconverter\main.cpp(361): warning C4129: '/' : unrecognized character escape sequence
       Link:
         C:\Program Files (x86)\Microsoft Visual Studio 11.0\VC\bin\link.exe /ERRORREPORT:PROMPT /OUT:"F:\TemporalMist\temporalmist\tools\MapConverter\Debug\MapConverter.exe" /INCREMENTAL /NOLOGO zlib.lib kernel32.lib user32.lib gdi32.lib winspool.lib comdlg32.lib advapi32.lib shell32.lib ole32.lib oleaut32.lib uuid.lib odbc32.lib odbccp32.lib /MANIFEST /MANIFESTUAC:"level='asInvoker' uiAccess='false'" /manifest:embed /DEBUG /PDB:"F:\TemporalMist\temporalmist\tools\MapConverter\Debug\MapConverter.pdb" /TLBID:1 /DYNAMICBASE /NXCOMPAT /IMPLIB:"F:\TemporalMist\temporalmist\tools\MapConverter\Debug\MapConverter.lib" /MACHINE:X86 Debug\base64.obj
         Debug\main.obj
         MapConverter.vcxproj -> F:\TemporalMist\temporalmist\tools\MapConverter\Debug\MapConverter.exe
     1>Done Building Project "F:\TemporalMist\temporalmist\tools\MapConverter\MapConverter.vcxproj" (Build target(s)).

Build succeeded.

Time Elapsed 00:00:35.92
